<?xml version="1.0" encoding="UTF-8"?>
<!-- Generated by org.testng.reporters.JUnitXMLReporter -->
<testsuite ignored="0" hostname="JaganMohan" failures="1" tests="3" name="MyTest" time="44.897" errors="0" timestamp="2024-07-23T17:41:46 IST">
  <testcase classname="Day46.SampleListenersClassDemo" name="TestSetUp" time="28.573"/>
  <testcase classname="Day46.SampleListenersClassDemo" name="TestGetURL" time="3.096"/>
  <testcase classname="Day46.SampleListenersClassDemo" name="TestTitle" time="0.01">
    <failure type="java.lang.AssertionError" message="expected [orangehrm] but found [OrangeHRM]">
      <![CDATA[java.lang.AssertionError: expected [orangehrm] but found [OrangeHRM]
at Day46.SampleListenersClassDemo.TestTitle(SampleListenersClassDemo.java:39)
at java.base/java.util.ArrayList.forEach(ArrayList.java:1596)
... Removed 31 stack frames]]>
    </failure>
  </testcase> <!-- TestTitle -->
</testsuite> <!-- MyTest -->
