<?xml version="1.0" encoding="UTF-8"?>
<!-- Generated by org.testng.reporters.JUnitXMLReporter -->
<testsuite ignored="0" hostname="JaganMohan" failures="0" tests="6" name="MyTest1" time="0.046" errors="0" timestamp="2024-07-20T16:01:38 IST">
  <testcase classname="Day43.CombinedAnnotations" name="Testlogin" time="0.006"/>
  <testcase classname="Day43.CombinedAnnotations" name="Testlogout" time="0.001"/>
  <testcase classname="Day43.CombinedAnnotations" name="TestSearch" time="0.0"/>
  <testcase classname="Day43.CombinedAnnot2" name="Testlogin" time="0.001"/>
  <testcase classname="Day43.CombinedAnnot2" name="Testlogout" time="0.001"/>
  <testcase classname="Day43.CombinedAnnot2" name="TestSearch" time="0.001"/>
</testsuite> <!-- MyTest1 -->
