<?xml version="1.0" encoding="UTF-8"?>
<!-- Generated by org.testng.reporters.JUnitXMLReporter -->
<testsuite ignored="0" hostname="JaganMohan" failures="0" tests="3" name="NewTest" time="17.135" errors="0" timestamp="2024-07-22T17:57:41 IST">
  <testcase classname="Day45.ParaMetersDemo" name="TestSetup" time="0.064"/>
  <testcase classname="Day45.ParaMetersDemo" name="TestLogin" time="4.823"/>
  <testcase classname="Day45.ParaMetersDemo" name="TestLogoff" time="0.009"/>
</testsuite> <!-- NewTest -->
