<?xml version="1.0" encoding="UTF-8"?>
<!-- Generated by org.testng.reporters.JUnitXMLReporter -->
<testsuite ignored="0" hostname="JaganMohan" failures="0" tests="3" name="Test" time="12.538" errors="0" timestamp="2024-07-22T18:00:28 IST">
  <testcase classname="Day45.ParaMetersDemo" name="TestSetup" time="0.077"/>
  <testcase classname="Day45.ParaMetersDemo" name="TestLogin" time="3.349"/>
  <testcase classname="Day45.ParaMetersDemo" name="TestLogoff" time="0.014"/>
</testsuite> <!-- Test -->
