<?xml version="1.0" encoding="UTF-8"?>
<!-- Generated by org.testng.reporters.JUnitXMLReporter -->
<testsuite ignored="0" hostname="JaganMohan" failures="0" tests="3" name="Default test" time="0.045" errors="0" timestamp="2024-07-20T16:03:23 IST">
  <testcase classname="Day43.CombinedAnnot2" name="Testlogin" time="0.006"/>
  <testcase classname="Day43.CombinedAnnot2" name="Testlogout" time="0.001"/>
  <testcase classname="Day43.CombinedAnnot2" name="TestSearch" time="0.001"/>
</testsuite> <!-- Default test -->
