<?xml version="1.0" encoding="UTF-8"?>
<!-- Generated by org.testng.reporters.JUnitXMLReporter -->
<testsuite ignored="0" hostname="JaganMohan" failures="0" tests="5" name="Default test" time="15.442" errors="0" timestamp="2024-07-19T16:42:14 IST">
  <testcase classname="Day42.TestCase2" name="OpenApp" time="11.539"/>
  <testcase classname="Day42.TestCase2" name="Login" time="2.308"/>
  <testcase classname="Day42.TestCase2" name="Logo" time="1.33"/>
  <testcase classname="Day42.TestCase2" name="Click" time="0.002"/>
  <testcase classname="Day42.TestCase2" name="Close" time="0.221"/>
</testsuite> <!-- Default test -->
