<?xml version="1.0" encoding="UTF-8"?>
<!-- Generated by org.testng.reporters.JUnitXMLReporter -->
<testsuite ignored="6" hostname="JaganMohan" failures="0" tests="3" name="Test" time="0.045" errors="0" timestamp="2024-07-21T17:10:21 IST">
  <testcase classname="Day44.GroupingDemo3" name="TestLogin" time="0.009"/>
  <testcase classname="Day44.GroupingDemo3" name="TestSearch" time="0.001"/>
  <testcase classname="Day44.GroupingDemo3" name="TestLogout" time="0.001"/>
  <testcase classname="Day44.GroupingDemo" name="TestLogin" time="0.0">
    <ignored/>
  </testcase> <!-- TestLogin -->
  <testcase classname="Day44.GroupingDemo" name="TestSearch" time="0.0">
    <ignored/>
  </testcase> <!-- TestSearch -->
  <testcase classname="Day44.GroupingDemo2" name="TestLogin" time="0.0">
    <ignored/>
  </testcase> <!-- TestLogin -->
  <testcase classname="Day44.GroupingDemo" name="TestLogout" time="0.0">
    <ignored/>
  </testcase> <!-- TestLogout -->
  <testcase classname="Day44.GroupingDemo2" name="TestSearch" time="0.0">
    <ignored/>
  </testcase> <!-- TestSearch -->
  <testcase classname="Day44.GroupingDemo2" name="TestLogout" time="0.0">
    <ignored/>
  </testcase> <!-- TestLogout -->
</testsuite> <!-- Test -->
