<?xml version="1.0" encoding="UTF-8"?>
<testng-results ignored="0" total="1" passed="1" failed="0" skipped="0">
  <reporter-output>
  </reporter-output>
  <suite started-at="2024-07-24T17:34:07 IST" name="Default suite" finished-at="2024-07-24T17:34:22 IST" duration-ms="15158">
    <groups>
    </groups>
    <test started-at="2024-07-24T17:34:07 IST" name="Default test" finished-at="2024-07-24T17:34:22 IST" duration-ms="15158">
      <class name="Day47.TestDemo">
        <test-method is-config="true" signature="login()[pri:0, instance:Day47.TestDemo@1fa268de]" started-at="2024-07-24T17:34:07 IST" name="login" finished-at="2024-07-24T17:34:19 IST" duration-ms="12078" status="PASS">
          <reporter-output>
          </reporter-output>
        </test-method> <!-- login -->
        <test-method signature="testLogin()[pri:0, instance:Day47.TestDemo@1fa268de]" started-at="2024-07-24T17:34:19 IST" name="testLogin" finished-at="2024-07-24T17:34:22 IST" duration-ms="2623" status="PASS">
          <reporter-output>
          </reporter-output>
        </test-method> <!-- testLogin -->
        <test-method is-config="true" signature="tearclose()[pri:0, instance:Day47.TestDemo@1fa268de]" started-at="2024-07-24T17:34:22 IST" name="tearclose" finished-at="2024-07-24T17:34:22 IST" duration-ms="420" status="PASS">
          <reporter-output>
          </reporter-output>
        </test-method> <!-- tearclose -->
      </class> <!-- Day47.TestDemo -->
    </test> <!-- Default test -->
  </suite> <!-- Default suite -->
</testng-results>
